[0.691s] Invoking command in '/home/ibuki/ros2_ws/src/mypkg': PYTHONPATH=/home/ibuki/ros2_ws/src/mypkg/install/mypkg/lib/python3.10/site-packages:${PYTHONPATH} /usr/bin/python3 setup.py egg_info --egg-base build/mypkg build --build-base /home/ibuki/ros2_ws/src/mypkg/build/mypkg/build install --prefix /home/ibuki/ros2_ws/src/mypkg/install/mypkg --record /home/ibuki/ros2_ws/src/mypkg/build/mypkg/install.log --single-version-externally-managed
[0.919s] running egg_info
[0.920s] creating build/mypkg/mypkg.egg-info
[0.920s] writing build/mypkg/mypkg.egg-info/PKG-INFO
[0.920s] writing dependency_links to build/mypkg/mypkg.egg-info/dependency_links.txt
[0.921s] writing entry points to build/mypkg/mypkg.egg-info/entry_points.txt
[0.921s] writing requirements to build/mypkg/mypkg.egg-info/requires.txt
[0.921s] writing top-level names to build/mypkg/mypkg.egg-info/top_level.txt
[0.921s] writing manifest file 'build/mypkg/mypkg.egg-info/SOURCES.txt'
[0.922s] reading manifest file 'build/mypkg/mypkg.egg-info/SOURCES.txt'
[0.923s] writing manifest file 'build/mypkg/mypkg.egg-info/SOURCES.txt'
[0.924s] running build
[0.924s] running build_py
[0.924s] creating /home/ibuki/ros2_ws/src/mypkg/build/mypkg/build
[0.925s] creating /home/ibuki/ros2_ws/src/mypkg/build/mypkg/build/lib
[0.925s] creating /home/ibuki/ros2_ws/src/mypkg/build/mypkg/build/lib/mypkg
[0.925s] copying mypkg/talker.py -> /home/ibuki/ros2_ws/src/mypkg/build/mypkg/build/lib/mypkg
[0.925s] copying mypkg/listener.py -> /home/ibuki/ros2_ws/src/mypkg/build/mypkg/build/lib/mypkg
[0.925s] copying mypkg/__init__.py -> /home/ibuki/ros2_ws/src/mypkg/build/mypkg/build/lib/mypkg
[0.926s] /usr/lib/python3/dist-packages/setuptools/command/install.py:34: SetuptoolsDeprecationWarning: setup.py install is deprecated. Use build and pip and other standards-based tools.
[0.926s]   warnings.warn(
[0.926s] running install
[0.926s] running install_lib
[0.926s] creating /home/ibuki/ros2_ws/src/mypkg/install/mypkg/lib/python3.10/site-packages/mypkg
[0.926s] copying /home/ibuki/ros2_ws/src/mypkg/build/mypkg/build/lib/mypkg/talker.py -> /home/ibuki/ros2_ws/src/mypkg/install/mypkg/lib/python3.10/site-packages/mypkg
[0.926s] copying /home/ibuki/ros2_ws/src/mypkg/build/mypkg/build/lib/mypkg/listener.py -> /home/ibuki/ros2_ws/src/mypkg/install/mypkg/lib/python3.10/site-packages/mypkg
[0.926s] copying /home/ibuki/ros2_ws/src/mypkg/build/mypkg/build/lib/mypkg/__init__.py -> /home/ibuki/ros2_ws/src/mypkg/install/mypkg/lib/python3.10/site-packages/mypkg
[0.927s] byte-compiling /home/ibuki/ros2_ws/src/mypkg/install/mypkg/lib/python3.10/site-packages/mypkg/talker.py to talker.cpython-310.pyc
[0.927s] byte-compiling /home/ibuki/ros2_ws/src/mypkg/install/mypkg/lib/python3.10/site-packages/mypkg/listener.py to listener.cpython-310.pyc
[0.927s] byte-compiling /home/ibuki/ros2_ws/src/mypkg/install/mypkg/lib/python3.10/site-packages/mypkg/__init__.py to __init__.cpython-310.pyc
[0.928s] running install_data
[0.928s] creating /home/ibuki/ros2_ws/src/mypkg/install/mypkg/share/ament_index
[0.928s] creating /home/ibuki/ros2_ws/src/mypkg/install/mypkg/share/ament_index/resource_index
[0.929s] creating /home/ibuki/ros2_ws/src/mypkg/install/mypkg/share/ament_index/resource_index/packages
[0.929s] copying resource/mypkg -> /home/ibuki/ros2_ws/src/mypkg/install/mypkg/share/ament_index/resource_index/packages
[0.929s] copying package.xml -> /home/ibuki/ros2_ws/src/mypkg/install/mypkg/share/mypkg
[0.929s] running install_egg_info
[0.930s] Copying build/mypkg/mypkg.egg-info to /home/ibuki/ros2_ws/src/mypkg/install/mypkg/lib/python3.10/site-packages/mypkg-0.0.0-py3.10.egg-info
[0.931s] running install_scripts
[0.953s] Installing listener script to /home/ibuki/ros2_ws/src/mypkg/install/mypkg/lib/mypkg
[0.954s] Installing talker script to /home/ibuki/ros2_ws/src/mypkg/install/mypkg/lib/mypkg
[0.954s] writing list of installed files to '/home/ibuki/ros2_ws/src/mypkg/build/mypkg/install.log'
[0.980s] Invoked command in '/home/ibuki/ros2_ws/src/mypkg' returned '0': PYTHONPATH=/home/ibuki/ros2_ws/src/mypkg/install/mypkg/lib/python3.10/site-packages:${PYTHONPATH} /usr/bin/python3 setup.py egg_info --egg-base build/mypkg build --build-base /home/ibuki/ros2_ws/src/mypkg/build/mypkg/build install --prefix /home/ibuki/ros2_ws/src/mypkg/install/mypkg --record /home/ibuki/ros2_ws/src/mypkg/build/mypkg/install.log --single-version-externally-managed
